2023-04-03 00:16:46.636  INFO 8780 --- [main] com.Shoeswebsite.Shoeswebsite            : Starting Shoeswebsite on CSCO-W-PF2RPMMA with PID 8780 (C:\Users\ronvyas\Downloads\sporty_shoes-master\sporty_shoes-master\target\classes started by ronvyas in C:\Users\ronvyas\Downloads\sporty_shoes-master\sporty_shoes-master)
2023-04-03 00:16:46.641  INFO 8780 --- [main] com.Shoeswebsite.Shoeswebsite            : No active profile set, falling back to default profiles: default
2023-04-03 00:16:47.573  INFO 8780 --- [main] .s.d.r.c.RepositoryConfigurationDelegate : Bootstrapping Spring Data JPA repositories in DEFAULT mode.
2023-04-03 00:16:47.632  INFO 8780 --- [main] .s.d.r.c.RepositoryConfigurationDelegate : Finished Spring Data repository scanning in 24ms. Found 0 JPA repository interfaces.
2023-04-03 00:16:48.592  INFO 8780 --- [main] o.s.b.w.embedded.tomcat.TomcatWebServer  : Tomcat initialized with port(s): 4000 (http)
2023-04-03 00:16:48.612  INFO 8780 --- [main] o.apache.catalina.core.StandardService   : Starting service [Tomcat]
2023-04-03 00:16:48.614  INFO 8780 --- [main] org.apache.catalina.core.StandardEngine  : Starting Servlet engine: [Apache Tomcat/9.0.38]
2023-04-03 00:16:48.847  INFO 8780 --- [main] o.a.c.c.C.[Tomcat].[localhost].[/]       : Initializing Spring embedded WebApplicationContext
2023-04-03 00:16:48.848  INFO 8780 --- [main] w.s.c.ServletWebServerApplicationContext : Root WebApplicationContext: initialization completed in 2108 ms
2023-04-03 00:16:48.954  INFO 8780 --- [main] com.zaxxer.hikari.HikariDataSource       : HikariPool-1 - Starting...
2023-04-03 00:16:49.311  INFO 8780 --- [main] com.zaxxer.hikari.HikariDataSource       : HikariPool-1 - Start completed.
2023-04-03 00:16:49.325  INFO 8780 --- [main] o.s.b.a.h2.H2ConsoleAutoConfiguration    : H2 console available at '/h2'. Database available at 'jdbc:h2:mem:testdb'
2023-04-03 00:16:49.581  INFO 8780 --- [main] o.hibernate.jpa.internal.util.LogHelper  : HHH000204: Processing PersistenceUnitInfo [name: default]
2023-04-03 00:16:49.682  INFO 8780 --- [main] org.hibernate.Version                    : HHH000412: Hibernate ORM core version 5.4.21.Final
2023-04-03 00:16:49.900  INFO 8780 --- [main] o.hibernate.annotations.common.Version   : HCANN000001: Hibernate Commons Annotations {5.1.0.Final}
2023-04-03 00:16:50.130  INFO 8780 --- [main] org.hibernate.dialect.Dialect            : HHH000400: Using dialect: org.hibernate.dialect.H2Dialect
2023-04-03 00:16:50.544  INFO 8780 --- [main] o.h.e.t.j.p.i.JtaPlatformInitiator       : HHH000490: Using JtaPlatform implementation: [org.hibernate.engine.transaction.jta.platform.internal.NoJtaPlatform]
2023-04-03 00:16:50.554  INFO 8780 --- [main] j.LocalContainerEntityManagerFactoryBean : Initialized JPA EntityManagerFactory for persistence unit 'default'
2023-04-03 00:16:50.636  WARN 8780 --- [main] JpaBaseConfiguration$JpaWebConfiguration : spring.jpa.open-in-view is enabled by default. Therefore, database queries may be performed during view rendering. Explicitly configure spring.jpa.open-in-view to disable this warning
2023-04-03 00:16:50.787  INFO 8780 --- [main] o.s.s.concurrent.ThreadPoolTaskExecutor  : Initializing ExecutorService 'applicationTaskExecutor'
2023-04-03 00:16:51.220  INFO 8780 --- [main] o.s.b.w.embedded.tomcat.TomcatWebServer  : Tomcat started on port(s): 4000 (http) with context path ''
2023-04-03 00:16:51.227  INFO 8780 --- [main] com.Shoeswebsite.Shoeswebsite            : Started Shoeswebsite in 5.223 seconds (JVM running for 6.712)
2023-04-03 00:21:02.191  INFO 6456 --- [main] com.Shoeswebsite.Shoeswebsite            : Starting Shoeswebsite on CSCO-W-PF2RPMMA with PID 6456 (C:\Users\ronvyas\Downloads\sporty_shoes-master\sporty_shoes-master\target\classes started by ronvyas in C:\Users\ronvyas\Downloads\sporty_shoes-master\sporty_shoes-master)
2023-04-03 00:21:02.195  INFO 6456 --- [main] com.Shoeswebsite.Shoeswebsite            : No active profile set, falling back to default profiles: default
2023-04-03 00:21:03.090  INFO 6456 --- [main] .s.d.r.c.RepositoryConfigurationDelegate : Bootstrapping Spring Data JPA repositories in DEFAULT mode.
2023-04-03 00:21:03.132  INFO 6456 --- [main] .s.d.r.c.RepositoryConfigurationDelegate : Finished Spring Data repository scanning in 24ms. Found 0 JPA repository interfaces.
2023-04-03 00:21:04.069  INFO 6456 --- [main] o.s.b.w.embedded.tomcat.TomcatWebServer  : Tomcat initialized with port(s): 4000 (http)
2023-04-03 00:21:04.089  INFO 6456 --- [main] o.apache.catalina.core.StandardService   : Starting service [Tomcat]
2023-04-03 00:21:04.090  INFO 6456 --- [main] org.apache.catalina.core.StandardEngine  : Starting Servlet engine: [Apache Tomcat/9.0.38]
2023-04-03 00:21:04.319  INFO 6456 --- [main] o.a.c.c.C.[Tomcat].[localhost].[/]       : Initializing Spring embedded WebApplicationContext
2023-04-03 00:21:04.320  INFO 6456 --- [main] w.s.c.ServletWebServerApplicationContext : Root WebApplicationContext: initialization completed in 2043 ms
2023-04-03 00:21:04.419  INFO 6456 --- [main] com.zaxxer.hikari.HikariDataSource       : HikariPool-1 - Starting...
2023-04-03 00:21:04.776  INFO 6456 --- [main] com.zaxxer.hikari.HikariDataSource       : HikariPool-1 - Start completed.
2023-04-03 00:21:04.790  INFO 6456 --- [main] o.s.b.a.h2.H2ConsoleAutoConfiguration    : H2 console available at '/h2'. Database available at 'jdbc:h2:mem:testdb'
2023-04-03 00:21:05.047  INFO 6456 --- [main] o.hibernate.jpa.internal.util.LogHelper  : HHH000204: Processing PersistenceUnitInfo [name: default]
2023-04-03 00:21:05.155  INFO 6456 --- [main] org.hibernate.Version                    : HHH000412: Hibernate ORM core version 5.4.21.Final
2023-04-03 00:21:05.390  INFO 6456 --- [main] o.hibernate.annotations.common.Version   : HCANN000001: Hibernate Commons Annotations {5.1.0.Final}
2023-04-03 00:21:05.537  INFO 6456 --- [main] org.hibernate.dialect.Dialect            : HHH000400: Using dialect: org.hibernate.dialect.H2Dialect
2023-04-03 00:21:05.866  INFO 6456 --- [main] o.h.e.t.j.p.i.JtaPlatformInitiator       : HHH000490: Using JtaPlatform implementation: [org.hibernate.engine.transaction.jta.platform.internal.NoJtaPlatform]
2023-04-03 00:21:05.879  INFO 6456 --- [main] j.LocalContainerEntityManagerFactoryBean : Initialized JPA EntityManagerFactory for persistence unit 'default'
2023-04-03 00:21:05.994  WARN 6456 --- [main] JpaBaseConfiguration$JpaWebConfiguration : spring.jpa.open-in-view is enabled by default. Therefore, database queries may be performed during view rendering. Explicitly configure spring.jpa.open-in-view to disable this warning
2023-04-03 00:21:06.204  INFO 6456 --- [main] o.s.s.concurrent.ThreadPoolTaskExecutor  : Initializing ExecutorService 'applicationTaskExecutor'
2023-04-03 00:21:06.591  INFO 6456 --- [main] o.apache.catalina.core.StandardService   : Stopping service [Tomcat]
2023-04-03 00:21:06.595  WARN 6456 --- [main] o.a.c.loader.WebappClassLoaderBase       : The web application [ROOT] appears to have started a thread named [HikariPool-1 housekeeper] but has failed to stop it. This is very likely to create a memory leak. Stack trace of thread:
 java.base@17.0.6/jdk.internal.misc.Unsafe.park(Native Method)
 java.base@17.0.6/java.util.concurrent.locks.LockSupport.parkNanos(LockSupport.java:252)
 java.base@17.0.6/java.util.concurrent.locks.AbstractQueuedSynchronizer$ConditionObject.awaitNanos(AbstractQueuedSynchronizer.java:1672)
 java.base@17.0.6/java.util.concurrent.ScheduledThreadPoolExecutor$DelayedWorkQueue.take(ScheduledThreadPoolExecutor.java:1182)
 java.base@17.0.6/java.util.concurrent.ScheduledThreadPoolExecutor$DelayedWorkQueue.take(ScheduledThreadPoolExecutor.java:899)
 java.base@17.0.6/java.util.concurrent.ThreadPoolExecutor.getTask(ThreadPoolExecutor.java:1062)
 java.base@17.0.6/java.util.concurrent.ThreadPoolExecutor.runWorker(ThreadPoolExecutor.java:1122)
 java.base@17.0.6/java.util.concurrent.ThreadPoolExecutor$Worker.run(ThreadPoolExecutor.java:635)
 java.base@17.0.6/java.lang.Thread.run(Thread.java:833)
2023-04-03 00:21:06.596  WARN 6456 --- [main] o.a.c.loader.WebappClassLoaderBase       : The web application [ROOT] appears to have started a thread named [HikariPool-1 connection adder] but has failed to stop it. This is very likely to create a memory leak. Stack trace of thread:
 java.base@17.0.6/jdk.internal.misc.Unsafe.park(Native Method)
 java.base@17.0.6/java.util.concurrent.locks.LockSupport.parkNanos(LockSupport.java:252)
 java.base@17.0.6/java.util.concurrent.locks.AbstractQueuedSynchronizer$ConditionObject.awaitNanos(AbstractQueuedSynchronizer.java:1672)
 java.base@17.0.6/java.util.concurrent.LinkedBlockingQueue.poll(LinkedBlockingQueue.java:460)
 java.base@17.0.6/java.util.concurrent.ThreadPoolExecutor.getTask(ThreadPoolExecutor.java:1061)
 java.base@17.0.6/java.util.concurrent.ThreadPoolExecutor.runWorker(ThreadPoolExecutor.java:1122)
 java.base@17.0.6/java.util.concurrent.ThreadPoolExecutor$Worker.run(ThreadPoolExecutor.java:635)
 java.base@17.0.6/java.lang.Thread.run(Thread.java:833)
2023-04-03 00:21:06.601  INFO 6456 --- [main] ConditionEvaluationReportLoggingListener : 

Error starting ApplicationContext. To display the conditions report re-run your application with 'debug' enabled.
2023-04-03 00:21:06.604 ERROR 6456 --- [main] o.s.b.d.LoggingFailureAnalysisReporter   : 

***************************
APPLICATION FAILED TO START
***************************

Description:

Web server failed to start. Port 4000 was already in use.

Action:

Identify and stop the process that's listening on port 4000 or configure this application to listen on another port.

2023-04-03 00:21:06.607  INFO 6456 --- [main] o.s.s.concurrent.ThreadPoolTaskExecutor  : Shutting down ExecutorService 'applicationTaskExecutor'
2023-04-03 00:21:06.608  INFO 6456 --- [main] j.LocalContainerEntityManagerFactoryBean : Closing JPA EntityManagerFactory for persistence unit 'default'
2023-04-03 00:21:06.608  INFO 6456 --- [main] .SchemaDropperImpl$DelayedDropActionImpl : HHH000477: Starting delayed evictData of schema as part of SessionFactory shut-down'
2023-04-03 00:21:06.610  INFO 6456 --- [main] com.zaxxer.hikari.HikariDataSource       : HikariPool-1 - Shutdown initiated...
2023-04-03 00:21:06.613  INFO 6456 --- [main] com.zaxxer.hikari.HikariDataSource       : HikariPool-1 - Shutdown completed.
2023-04-03 00:21:34.861  INFO 268 --- [main] com.Shoeswebsite.Shoeswebsite            : Starting Shoeswebsite on CSCO-W-PF2RPMMA with PID 268 (C:\Users\ronvyas\Downloads\sporty_shoes-master\sporty_shoes-master\target\classes started by ronvyas in C:\Users\ronvyas\Downloads\sporty_shoes-master\sporty_shoes-master)
2023-04-03 00:21:34.865  INFO 268 --- [main] com.Shoeswebsite.Shoeswebsite            : No active profile set, falling back to default profiles: default
2023-04-03 00:21:35.770  INFO 268 --- [main] .s.d.r.c.RepositoryConfigurationDelegate : Bootstrapping Spring Data JPA repositories in DEFAULT mode.
2023-04-03 00:21:35.827  INFO 268 --- [main] .s.d.r.c.RepositoryConfigurationDelegate : Finished Spring Data repository scanning in 29ms. Found 0 JPA repository interfaces.
2023-04-03 00:21:36.732  INFO 268 --- [main] o.s.b.w.embedded.tomcat.TomcatWebServer  : Tomcat initialized with port(s): 4000 (http)
2023-04-03 00:21:36.749  INFO 268 --- [main] o.apache.catalina.core.StandardService   : Starting service [Tomcat]
2023-04-03 00:21:36.750  INFO 268 --- [main] org.apache.catalina.core.StandardEngine  : Starting Servlet engine: [Apache Tomcat/9.0.38]
2023-04-03 00:21:36.930  INFO 268 --- [main] o.a.c.c.C.[Tomcat].[localhost].[/]       : Initializing Spring embedded WebApplicationContext
2023-04-03 00:21:36.931  INFO 268 --- [main] w.s.c.ServletWebServerApplicationContext : Root WebApplicationContext: initialization completed in 1989 ms
2023-04-03 00:21:36.990  INFO 268 --- [main] com.zaxxer.hikari.HikariDataSource       : HikariPool-1 - Starting...
2023-04-03 00:21:37.226  INFO 268 --- [main] com.zaxxer.hikari.HikariDataSource       : HikariPool-1 - Start completed.
2023-04-03 00:21:37.239  INFO 268 --- [main] o.s.b.a.h2.H2ConsoleAutoConfiguration    : H2 console available at '/h2'. Database available at 'jdbc:h2:mem:testdb'
2023-04-03 00:21:37.470  INFO 268 --- [main] o.hibernate.jpa.internal.util.LogHelper  : HHH000204: Processing PersistenceUnitInfo [name: default]
2023-04-03 00:21:37.567  INFO 268 --- [main] org.hibernate.Version                    : HHH000412: Hibernate ORM core version 5.4.21.Final
2023-04-03 00:21:37.809  INFO 268 --- [main] o.hibernate.annotations.common.Version   : HCANN000001: Hibernate Commons Annotations {5.1.0.Final}
2023-04-03 00:21:38.049  INFO 268 --- [main] org.hibernate.dialect.Dialect            : HHH000400: Using dialect: org.hibernate.dialect.H2Dialect
2023-04-03 00:21:38.492  INFO 268 --- [main] o.h.e.t.j.p.i.JtaPlatformInitiator       : HHH000490: Using JtaPlatform implementation: [org.hibernate.engine.transaction.jta.platform.internal.NoJtaPlatform]
2023-04-03 00:21:38.505  INFO 268 --- [main] j.LocalContainerEntityManagerFactoryBean : Initialized JPA EntityManagerFactory for persistence unit 'default'
2023-04-03 00:21:38.595  WARN 268 --- [main] JpaBaseConfiguration$JpaWebConfiguration : spring.jpa.open-in-view is enabled by default. Therefore, database queries may be performed during view rendering. Explicitly configure spring.jpa.open-in-view to disable this warning
2023-04-03 00:21:38.742  INFO 268 --- [main] o.s.s.concurrent.ThreadPoolTaskExecutor  : Initializing ExecutorService 'applicationTaskExecutor'
2023-04-03 00:21:39.062  INFO 268 --- [main] o.apache.catalina.core.StandardService   : Stopping service [Tomcat]
2023-04-03 00:21:39.067  WARN 268 --- [main] o.a.c.loader.WebappClassLoaderBase       : The web application [ROOT] appears to have started a thread named [HikariPool-1 housekeeper] but has failed to stop it. This is very likely to create a memory leak. Stack trace of thread:
 java.base@17.0.6/jdk.internal.misc.Unsafe.park(Native Method)
 java.base@17.0.6/java.util.concurrent.locks.LockSupport.parkNanos(LockSupport.java:252)
 java.base@17.0.6/java.util.concurrent.locks.AbstractQueuedSynchronizer$ConditionObject.awaitNanos(AbstractQueuedSynchronizer.java:1672)
 java.base@17.0.6/java.util.concurrent.ScheduledThreadPoolExecutor$DelayedWorkQueue.take(ScheduledThreadPoolExecutor.java:1182)
 java.base@17.0.6/java.util.concurrent.ScheduledThreadPoolExecutor$DelayedWorkQueue.take(ScheduledThreadPoolExecutor.java:899)
 java.base@17.0.6/java.util.concurrent.ThreadPoolExecutor.getTask(ThreadPoolExecutor.java:1062)
 java.base@17.0.6/java.util.concurrent.ThreadPoolExecutor.runWorker(ThreadPoolExecutor.java:1122)
 java.base@17.0.6/java.util.concurrent.ThreadPoolExecutor$Worker.run(ThreadPoolExecutor.java:635)
 java.base@17.0.6/java.lang.Thread.run(Thread.java:833)
2023-04-03 00:21:39.069  WARN 268 --- [main] o.a.c.loader.WebappClassLoaderBase       : The web application [ROOT] appears to have started a thread named [HikariPool-1 connection adder] but has failed to stop it. This is very likely to create a memory leak. Stack trace of thread:
 java.base@17.0.6/jdk.internal.misc.Unsafe.park(Native Method)
 java.base@17.0.6/java.util.concurrent.locks.LockSupport.parkNanos(LockSupport.java:252)
 java.base@17.0.6/java.util.concurrent.locks.AbstractQueuedSynchronizer$ConditionObject.awaitNanos(AbstractQueuedSynchronizer.java:1672)
 java.base@17.0.6/java.util.concurrent.LinkedBlockingQueue.poll(LinkedBlockingQueue.java:460)
 java.base@17.0.6/java.util.concurrent.ThreadPoolExecutor.getTask(ThreadPoolExecutor.java:1061)
 java.base@17.0.6/java.util.concurrent.ThreadPoolExecutor.runWorker(ThreadPoolExecutor.java:1122)
 java.base@17.0.6/java.util.concurrent.ThreadPoolExecutor$Worker.run(ThreadPoolExecutor.java:635)
 java.base@17.0.6/java.lang.Thread.run(Thread.java:833)
2023-04-03 00:21:39.074  INFO 268 --- [main] ConditionEvaluationReportLoggingListener : 

Error starting ApplicationContext. To display the conditions report re-run your application with 'debug' enabled.
2023-04-03 00:21:39.078 ERROR 268 --- [main] o.s.b.d.LoggingFailureAnalysisReporter   : 

***************************
APPLICATION FAILED TO START
***************************

Description:

Web server failed to start. Port 4000 was already in use.

Action:

Identify and stop the process that's listening on port 4000 or configure this application to listen on another port.

2023-04-03 00:21:39.083  INFO 268 --- [main] o.s.s.concurrent.ThreadPoolTaskExecutor  : Shutting down ExecutorService 'applicationTaskExecutor'
2023-04-03 00:21:39.084  INFO 268 --- [main] j.LocalContainerEntityManagerFactoryBean : Closing JPA EntityManagerFactory for persistence unit 'default'
2023-04-03 00:21:39.084  INFO 268 --- [main] .SchemaDropperImpl$DelayedDropActionImpl : HHH000477: Starting delayed evictData of schema as part of SessionFactory shut-down'
2023-04-03 00:21:39.089  INFO 268 --- [main] com.zaxxer.hikari.HikariDataSource       : HikariPool-1 - Shutdown initiated...
2023-04-03 00:21:39.093  INFO 268 --- [main] com.zaxxer.hikari.HikariDataSource       : HikariPool-1 - Shutdown completed.
2023-04-03 00:26:51.022  INFO 11944 --- [main] com.Shoeswebsite.Shoeswebsite            : Starting Shoeswebsite on CSCO-W-PF2RPMMA with PID 11944 (C:\Users\ronvyas\Downloads\sporty_shoes-master\sporty_shoes-master\target\classes started by ronvyas in C:\Users\ronvyas\Downloads\sporty_shoes-master\sporty_shoes-master)
2023-04-03 00:26:51.026  INFO 11944 --- [main] com.Shoeswebsite.Shoeswebsite            : No active profile set, falling back to default profiles: default
2023-04-03 00:26:52.064  INFO 11944 --- [main] .s.d.r.c.RepositoryConfigurationDelegate : Bootstrapping Spring Data JPA repositories in DEFAULT mode.
2023-04-03 00:26:52.132  INFO 11944 --- [main] .s.d.r.c.RepositoryConfigurationDelegate : Finished Spring Data repository scanning in 33ms. Found 0 JPA repository interfaces.
2023-04-03 00:26:53.149  INFO 11944 --- [main] o.s.b.w.embedded.tomcat.TomcatWebServer  : Tomcat initialized with port(s): 8989 (http)
2023-04-03 00:26:53.169  INFO 11944 --- [main] o.apache.catalina.core.StandardService   : Starting service [Tomcat]
2023-04-03 00:26:53.170  INFO 11944 --- [main] org.apache.catalina.core.StandardEngine  : Starting Servlet engine: [Apache Tomcat/9.0.38]
2023-04-03 00:26:53.399  INFO 11944 --- [main] o.a.c.c.C.[Tomcat].[localhost].[/]       : Initializing Spring embedded WebApplicationContext
2023-04-03 00:26:53.400  INFO 11944 --- [main] w.s.c.ServletWebServerApplicationContext : Root WebApplicationContext: initialization completed in 2290 ms
2023-04-03 00:26:53.500  INFO 11944 --- [main] com.zaxxer.hikari.HikariDataSource       : HikariPool-1 - Starting...
2023-04-03 00:26:53.853  INFO 11944 --- [main] com.zaxxer.hikari.HikariDataSource       : HikariPool-1 - Start completed.
2023-04-03 00:26:53.867  INFO 11944 --- [main] o.s.b.a.h2.H2ConsoleAutoConfiguration    : H2 console available at '/h2'. Database available at 'jdbc:h2:mem:testdb'
2023-04-03 00:26:54.115  INFO 11944 --- [main] o.hibernate.jpa.internal.util.LogHelper  : HHH000204: Processing PersistenceUnitInfo [name: default]
2023-04-03 00:26:54.211  INFO 11944 --- [main] org.hibernate.Version                    : HHH000412: Hibernate ORM core version 5.4.21.Final
2023-04-03 00:26:54.460  INFO 11944 --- [main] o.hibernate.annotations.common.Version   : HCANN000001: Hibernate Commons Annotations {5.1.0.Final}
2023-04-03 00:26:54.727  INFO 11944 --- [main] org.hibernate.dialect.Dialect            : HHH000400: Using dialect: org.hibernate.dialect.H2Dialect
2023-04-03 00:26:55.088  INFO 11944 --- [main] o.h.e.t.j.p.i.JtaPlatformInitiator       : HHH000490: Using JtaPlatform implementation: [org.hibernate.engine.transaction.jta.platform.internal.NoJtaPlatform]
2023-04-03 00:26:55.102  INFO 11944 --- [main] j.LocalContainerEntityManagerFactoryBean : Initialized JPA EntityManagerFactory for persistence unit 'default'
2023-04-03 00:26:55.236  WARN 11944 --- [main] JpaBaseConfiguration$JpaWebConfiguration : spring.jpa.open-in-view is enabled by default. Therefore, database queries may be performed during view rendering. Explicitly configure spring.jpa.open-in-view to disable this warning
2023-04-03 00:26:55.515  INFO 11944 --- [main] o.s.s.concurrent.ThreadPoolTaskExecutor  : Initializing ExecutorService 'applicationTaskExecutor'
2023-04-03 00:26:56.153  INFO 11944 --- [main] o.s.b.w.embedded.tomcat.TomcatWebServer  : Tomcat started on port(s): 8989 (http) with context path ''
2023-04-03 00:26:56.161  INFO 11944 --- [main] com.Shoeswebsite.Shoeswebsite            : Started Shoeswebsite in 5.895 seconds (JVM running for 7.336)
2023-04-03 00:28:03.198  INFO 24376 --- [main] com.Shoeswebsite.Shoeswebsite            : Starting Shoeswebsite on CSCO-W-PF2RPMMA with PID 24376 (C:\Users\ronvyas\Downloads\sporty_shoes-master\sporty_shoes-master\target\classes started by ronvyas in C:\Users\ronvyas\Downloads\sporty_shoes-master\sporty_shoes-master)
2023-04-03 00:28:03.202  INFO 24376 --- [main] com.Shoeswebsite.Shoeswebsite            : No active profile set, falling back to default profiles: default
2023-04-03 00:28:04.068  INFO 24376 --- [main] .s.d.r.c.RepositoryConfigurationDelegate : Bootstrapping Spring Data JPA repositories in DEFAULT mode.
2023-04-03 00:28:04.096  INFO 24376 --- [main] .s.d.r.c.RepositoryConfigurationDelegate : Finished Spring Data repository scanning in 14ms. Found 0 JPA repository interfaces.
2023-04-03 00:28:05.018  INFO 24376 --- [main] o.s.b.w.embedded.tomcat.TomcatWebServer  : Tomcat initialized with port(s): 8989 (http)
2023-04-03 00:28:05.038  INFO 24376 --- [main] o.apache.catalina.core.StandardService   : Starting service [Tomcat]
2023-04-03 00:28:05.038  INFO 24376 --- [main] org.apache.catalina.core.StandardEngine  : Starting Servlet engine: [Apache Tomcat/9.0.38]
2023-04-03 00:28:05.262  INFO 24376 --- [main] o.a.c.c.C.[Tomcat].[localhost].[/]       : Initializing Spring embedded WebApplicationContext
2023-04-03 00:28:05.263  INFO 24376 --- [main] w.s.c.ServletWebServerApplicationContext : Root WebApplicationContext: initialization completed in 1987 ms
2023-04-03 00:28:05.346  INFO 24376 --- [main] com.zaxxer.hikari.HikariDataSource       : HikariPool-1 - Starting...
2023-04-03 00:28:05.646  INFO 24376 --- [main] com.zaxxer.hikari.HikariDataSource       : HikariPool-1 - Start completed.
2023-04-03 00:28:05.661  INFO 24376 --- [main] o.s.b.a.h2.H2ConsoleAutoConfiguration    : H2 console available at '/h2'. Database available at 'jdbc:h2:mem:testdb'
2023-04-03 00:28:05.928  INFO 24376 --- [main] o.hibernate.jpa.internal.util.LogHelper  : HHH000204: Processing PersistenceUnitInfo [name: default]
2023-04-03 00:28:06.036  INFO 24376 --- [main] org.hibernate.Version                    : HHH000412: Hibernate ORM core version 5.4.21.Final
2023-04-03 00:28:06.357  INFO 24376 --- [main] o.hibernate.annotations.common.Version   : HCANN000001: Hibernate Commons Annotations {5.1.0.Final}
2023-04-03 00:28:06.647  INFO 24376 --- [main] org.hibernate.dialect.Dialect            : HHH000400: Using dialect: org.hibernate.dialect.H2Dialect
2023-04-03 00:28:07.038  INFO 24376 --- [main] o.h.e.t.j.p.i.JtaPlatformInitiator       : HHH000490: Using JtaPlatform implementation: [org.hibernate.engine.transaction.jta.platform.internal.NoJtaPlatform]
2023-04-03 00:28:07.052  INFO 24376 --- [main] j.LocalContainerEntityManagerFactoryBean : Initialized JPA EntityManagerFactory for persistence unit 'default'
2023-04-03 00:28:07.173  WARN 24376 --- [main] JpaBaseConfiguration$JpaWebConfiguration : spring.jpa.open-in-view is enabled by default. Therefore, database queries may be performed during view rendering. Explicitly configure spring.jpa.open-in-view to disable this warning
2023-04-03 00:28:07.330  INFO 24376 --- [main] o.s.s.concurrent.ThreadPoolTaskExecutor  : Initializing ExecutorService 'applicationTaskExecutor'
2023-04-03 00:28:07.638  INFO 24376 --- [main] o.apache.catalina.core.StandardService   : Stopping service [Tomcat]
2023-04-03 00:28:07.644  WARN 24376 --- [main] o.a.c.loader.WebappClassLoaderBase       : The web application [ROOT] appears to have started a thread named [HikariPool-1 housekeeper] but has failed to stop it. This is very likely to create a memory leak. Stack trace of thread:
 java.base@17.0.6/jdk.internal.misc.Unsafe.park(Native Method)
 java.base@17.0.6/java.util.concurrent.locks.LockSupport.parkNanos(LockSupport.java:252)
 java.base@17.0.6/java.util.concurrent.locks.AbstractQueuedSynchronizer$ConditionObject.awaitNanos(AbstractQueuedSynchronizer.java:1672)
 java.base@17.0.6/java.util.concurrent.ScheduledThreadPoolExecutor$DelayedWorkQueue.take(ScheduledThreadPoolExecutor.java:1182)
 java.base@17.0.6/java.util.concurrent.ScheduledThreadPoolExecutor$DelayedWorkQueue.take(ScheduledThreadPoolExecutor.java:899)
 java.base@17.0.6/java.util.concurrent.ThreadPoolExecutor.getTask(ThreadPoolExecutor.java:1062)
 java.base@17.0.6/java.util.concurrent.ThreadPoolExecutor.runWorker(ThreadPoolExecutor.java:1122)
 java.base@17.0.6/java.util.concurrent.ThreadPoolExecutor$Worker.run(ThreadPoolExecutor.java:635)
 java.base@17.0.6/java.lang.Thread.run(Thread.java:833)
2023-04-03 00:28:07.645  WARN 24376 --- [main] o.a.c.loader.WebappClassLoaderBase       : The web application [ROOT] appears to have started a thread named [HikariPool-1 connection adder] but has failed to stop it. This is very likely to create a memory leak. Stack trace of thread:
 java.base@17.0.6/jdk.internal.misc.Unsafe.park(Native Method)
 java.base@17.0.6/java.util.concurrent.locks.LockSupport.parkNanos(LockSupport.java:252)
 java.base@17.0.6/java.util.concurrent.locks.AbstractQueuedSynchronizer$ConditionObject.awaitNanos(AbstractQueuedSynchronizer.java:1672)
 java.base@17.0.6/java.util.concurrent.LinkedBlockingQueue.poll(LinkedBlockingQueue.java:460)
 java.base@17.0.6/java.util.concurrent.ThreadPoolExecutor.getTask(ThreadPoolExecutor.java:1061)
 java.base@17.0.6/java.util.concurrent.ThreadPoolExecutor.runWorker(ThreadPoolExecutor.java:1122)
 java.base@17.0.6/java.util.concurrent.ThreadPoolExecutor$Worker.run(ThreadPoolExecutor.java:635)
 java.base@17.0.6/java.lang.Thread.run(Thread.java:833)
2023-04-03 00:28:07.652  INFO 24376 --- [main] ConditionEvaluationReportLoggingListener : 

Error starting ApplicationContext. To display the conditions report re-run your application with 'debug' enabled.
2023-04-03 00:28:07.655 ERROR 24376 --- [main] o.s.b.d.LoggingFailureAnalysisReporter   : 

***************************
APPLICATION FAILED TO START
***************************

Description:

Web server failed to start. Port 8989 was already in use.

Action:

Identify and stop the process that's listening on port 8989 or configure this application to listen on another port.

2023-04-03 00:28:07.660  INFO 24376 --- [main] o.s.s.concurrent.ThreadPoolTaskExecutor  : Shutting down ExecutorService 'applicationTaskExecutor'
2023-04-03 00:28:07.661  INFO 24376 --- [main] j.LocalContainerEntityManagerFactoryBean : Closing JPA EntityManagerFactory for persistence unit 'default'
2023-04-03 00:28:07.662  INFO 24376 --- [main] .SchemaDropperImpl$DelayedDropActionImpl : HHH000477: Starting delayed evictData of schema as part of SessionFactory shut-down'
2023-04-03 00:28:07.667  INFO 24376 --- [main] com.zaxxer.hikari.HikariDataSource       : HikariPool-1 - Shutdown initiated...
2023-04-03 00:28:07.671  INFO 24376 --- [main] com.zaxxer.hikari.HikariDataSource       : HikariPool-1 - Shutdown completed.
2023-04-03 00:29:30.327  INFO 9880 --- [main] com.Shoeswebsite.Shoeswebsite            : Starting Shoeswebsite on CSCO-W-PF2RPMMA with PID 9880 (C:\Users\ronvyas\Downloads\sporty_shoes-master\sporty_shoes-master\target\classes started by ronvyas in C:\Users\ronvyas\Downloads\sporty_shoes-master\sporty_shoes-master)
2023-04-03 00:29:30.332  INFO 9880 --- [main] com.Shoeswebsite.Shoeswebsite            : No active profile set, falling back to default profiles: default
2023-04-03 00:29:31.258  INFO 9880 --- [main] .s.d.r.c.RepositoryConfigurationDelegate : Bootstrapping Spring Data JPA repositories in DEFAULT mode.
2023-04-03 00:29:31.332  INFO 9880 --- [main] .s.d.r.c.RepositoryConfigurationDelegate : Finished Spring Data repository scanning in 28ms. Found 0 JPA repository interfaces.
2023-04-03 00:29:32.637  INFO 9880 --- [main] o.s.b.w.embedded.tomcat.TomcatWebServer  : Tomcat initialized with port(s): 8080 (http)
2023-04-03 00:29:32.665  INFO 9880 --- [main] o.apache.catalina.core.StandardService   : Starting service [Tomcat]
2023-04-03 00:29:32.667  INFO 9880 --- [main] org.apache.catalina.core.StandardEngine  : Starting Servlet engine: [Apache Tomcat/9.0.38]
2023-04-03 00:29:32.990  INFO 9880 --- [main] o.a.c.c.C.[Tomcat].[localhost].[/]       : Initializing Spring embedded WebApplicationContext
2023-04-03 00:29:32.991  INFO 9880 --- [main] w.s.c.ServletWebServerApplicationContext : Root WebApplicationContext: initialization completed in 2576 ms
2023-04-03 00:29:33.075  INFO 9880 --- [main] com.zaxxer.hikari.HikariDataSource       : HikariPool-1 - Starting...
2023-04-03 00:29:33.317  INFO 9880 --- [main] com.zaxxer.hikari.HikariDataSource       : HikariPool-1 - Start completed.
2023-04-03 00:29:33.327  INFO 9880 --- [main] o.s.b.a.h2.H2ConsoleAutoConfiguration    : H2 console available at '/h2'. Database available at 'jdbc:h2:mem:testdb'
2023-04-03 00:29:33.627  INFO 9880 --- [main] o.hibernate.jpa.internal.util.LogHelper  : HHH000204: Processing PersistenceUnitInfo [name: default]
2023-04-03 00:29:33.712  INFO 9880 --- [main] org.hibernate.Version                    : HHH000412: Hibernate ORM core version 5.4.21.Final
2023-04-03 00:29:33.994  INFO 9880 --- [main] o.hibernate.annotations.common.Version   : HCANN000001: Hibernate Commons Annotations {5.1.0.Final}
2023-04-03 00:29:34.304  INFO 9880 --- [main] org.hibernate.dialect.Dialect            : HHH000400: Using dialect: org.hibernate.dialect.H2Dialect
2023-04-03 00:29:34.981  INFO 9880 --- [main] o.h.e.t.j.p.i.JtaPlatformInitiator       : HHH000490: Using JtaPlatform implementation: [org.hibernate.engine.transaction.jta.platform.internal.NoJtaPlatform]
2023-04-03 00:29:35.003  INFO 9880 --- [main] j.LocalContainerEntityManagerFactoryBean : Initialized JPA EntityManagerFactory for persistence unit 'default'
2023-04-03 00:29:35.149  WARN 9880 --- [main] JpaBaseConfiguration$JpaWebConfiguration : spring.jpa.open-in-view is enabled by default. Therefore, database queries may be performed during view rendering. Explicitly configure spring.jpa.open-in-view to disable this warning
2023-04-03 00:29:35.363  INFO 9880 --- [main] o.s.s.concurrent.ThreadPoolTaskExecutor  : Initializing ExecutorService 'applicationTaskExecutor'
2023-04-03 00:29:35.950  INFO 9880 --- [main] o.s.b.w.embedded.tomcat.TomcatWebServer  : Tomcat started on port(s): 8080 (http) with context path ''
2023-04-03 00:29:35.958  INFO 9880 --- [main] com.Shoeswebsite.Shoeswebsite            : Started Shoeswebsite in 6.343 seconds (JVM running for 7.714)
2023-04-03 00:29:55.209  INFO 25924 --- [main] com.Shoeswebsite.Shoeswebsite            : Starting Shoeswebsite on CSCO-W-PF2RPMMA with PID 25924 (C:\Users\ronvyas\Downloads\sporty_shoes-master\sporty_shoes-master\target\classes started by ronvyas in C:\Users\ronvyas\Downloads\sporty_shoes-master\sporty_shoes-master)
2023-04-03 00:29:55.213  INFO 25924 --- [main] com.Shoeswebsite.Shoeswebsite            : No active profile set, falling back to default profiles: default
2023-04-03 00:29:56.235  INFO 25924 --- [main] .s.d.r.c.RepositoryConfigurationDelegate : Bootstrapping Spring Data JPA repositories in DEFAULT mode.
2023-04-03 00:29:56.302  INFO 25924 --- [main] .s.d.r.c.RepositoryConfigurationDelegate : Finished Spring Data repository scanning in 34ms. Found 0 JPA repository interfaces.
2023-04-03 00:29:57.456  INFO 25924 --- [main] o.s.b.w.embedded.tomcat.TomcatWebServer  : Tomcat initialized with port(s): 8080 (http)
2023-04-03 00:29:57.477  INFO 25924 --- [main] o.apache.catalina.core.StandardService   : Starting service [Tomcat]
2023-04-03 00:29:57.477  INFO 25924 --- [main] org.apache.catalina.core.StandardEngine  : Starting Servlet engine: [Apache Tomcat/9.0.38]
2023-04-03 00:29:57.707  INFO 25924 --- [main] o.a.c.c.C.[Tomcat].[localhost].[/]       : Initializing Spring embedded WebApplicationContext
2023-04-03 00:29:57.708  INFO 25924 --- [main] w.s.c.ServletWebServerApplicationContext : Root WebApplicationContext: initialization completed in 2405 ms
2023-04-03 00:29:57.812  INFO 25924 --- [main] com.zaxxer.hikari.HikariDataSource       : HikariPool-1 - Starting...
2023-04-03 00:29:58.243  INFO 25924 --- [main] com.zaxxer.hikari.HikariDataSource       : HikariPool-1 - Start completed.
2023-04-03 00:29:58.261  INFO 25924 --- [main] o.s.b.a.h2.H2ConsoleAutoConfiguration    : H2 console available at '/h2'. Database available at 'jdbc:h2:mem:testdb'
2023-04-03 00:29:58.503  INFO 25924 --- [main] o.hibernate.jpa.internal.util.LogHelper  : HHH000204: Processing PersistenceUnitInfo [name: default]
2023-04-03 00:29:58.564  INFO 25924 --- [main] org.hibernate.Version                    : HHH000412: Hibernate ORM core version 5.4.21.Final
2023-04-03 00:29:58.864  INFO 25924 --- [main] o.hibernate.annotations.common.Version   : HCANN000001: Hibernate Commons Annotations {5.1.0.Final}
2023-04-03 00:29:59.128  INFO 25924 --- [main] org.hibernate.dialect.Dialect            : HHH000400: Using dialect: org.hibernate.dialect.H2Dialect
2023-04-03 00:29:59.563  INFO 25924 --- [main] o.h.e.t.j.p.i.JtaPlatformInitiator       : HHH000490: Using JtaPlatform implementation: [org.hibernate.engine.transaction.jta.platform.internal.NoJtaPlatform]
2023-04-03 00:29:59.584  INFO 25924 --- [main] j.LocalContainerEntityManagerFactoryBean : Initialized JPA EntityManagerFactory for persistence unit 'default'
2023-04-03 00:29:59.783  WARN 25924 --- [main] JpaBaseConfiguration$JpaWebConfiguration : spring.jpa.open-in-view is enabled by default. Therefore, database queries may be performed during view rendering. Explicitly configure spring.jpa.open-in-view to disable this warning
2023-04-03 00:30:00.161  INFO 25924 --- [main] o.s.s.concurrent.ThreadPoolTaskExecutor  : Initializing ExecutorService 'applicationTaskExecutor'
2023-04-03 00:30:00.856  INFO 25924 --- [main] o.apache.catalina.core.StandardService   : Stopping service [Tomcat]
2023-04-03 00:30:00.865  WARN 25924 --- [main] o.a.c.loader.WebappClassLoaderBase       : The web application [ROOT] appears to have started a thread named [HikariPool-1 housekeeper] but has failed to stop it. This is very likely to create a memory leak. Stack trace of thread:
 java.base@17.0.6/jdk.internal.misc.Unsafe.park(Native Method)
 java.base@17.0.6/java.util.concurrent.locks.LockSupport.parkNanos(LockSupport.java:252)
 java.base@17.0.6/java.util.concurrent.locks.AbstractQueuedSynchronizer$ConditionObject.awaitNanos(AbstractQueuedSynchronizer.java:1672)
 java.base@17.0.6/java.util.concurrent.ScheduledThreadPoolExecutor$DelayedWorkQueue.take(ScheduledThreadPoolExecutor.java:1182)
 java.base@17.0.6/java.util.concurrent.ScheduledThreadPoolExecutor$DelayedWorkQueue.take(ScheduledThreadPoolExecutor.java:899)
 java.base@17.0.6/java.util.concurrent.ThreadPoolExecutor.getTask(ThreadPoolExecutor.java:1062)
 java.base@17.0.6/java.util.concurrent.ThreadPoolExecutor.runWorker(ThreadPoolExecutor.java:1122)
 java.base@17.0.6/java.util.concurrent.ThreadPoolExecutor$Worker.run(ThreadPoolExecutor.java:635)
 java.base@17.0.6/java.lang.Thread.run(Thread.java:833)
2023-04-03 00:30:00.867  WARN 25924 --- [main] o.a.c.loader.WebappClassLoaderBase       : The web application [ROOT] appears to have started a thread named [HikariPool-1 connection adder] but has failed to stop it. This is very likely to create a memory leak. Stack trace of thread:
 java.base@17.0.6/jdk.internal.misc.Unsafe.park(Native Method)
 java.base@17.0.6/java.util.concurrent.locks.LockSupport.parkNanos(LockSupport.java:252)
 java.base@17.0.6/java.util.concurrent.locks.AbstractQueuedSynchronizer$ConditionObject.awaitNanos(AbstractQueuedSynchronizer.java:1672)
 java.base@17.0.6/java.util.concurrent.LinkedBlockingQueue.poll(LinkedBlockingQueue.java:460)
 java.base@17.0.6/java.util.concurrent.ThreadPoolExecutor.getTask(ThreadPoolExecutor.java:1061)
 java.base@17.0.6/java.util.concurrent.ThreadPoolExecutor.runWorker(ThreadPoolExecutor.java:1122)
 java.base@17.0.6/java.util.concurrent.ThreadPoolExecutor$Worker.run(ThreadPoolExecutor.java:635)
 java.base@17.0.6/java.lang.Thread.run(Thread.java:833)
2023-04-03 00:30:00.878  INFO 25924 --- [main] ConditionEvaluationReportLoggingListener : 

Error starting ApplicationContext. To display the conditions report re-run your application with 'debug' enabled.
2023-04-03 00:30:00.885 ERROR 25924 --- [main] o.s.b.d.LoggingFailureAnalysisReporter   : 

***************************
APPLICATION FAILED TO START
***************************

Description:

Web server failed to start. Port 8080 was already in use.

Action:

Identify and stop the process that's listening on port 8080 or configure this application to listen on another port.

2023-04-03 00:30:00.893  INFO 25924 --- [main] o.s.s.concurrent.ThreadPoolTaskExecutor  : Shutting down ExecutorService 'applicationTaskExecutor'
2023-04-03 00:30:00.895  INFO 25924 --- [main] j.LocalContainerEntityManagerFactoryBean : Closing JPA EntityManagerFactory for persistence unit 'default'
2023-04-03 00:30:00.896  INFO 25924 --- [main] .SchemaDropperImpl$DelayedDropActionImpl : HHH000477: Starting delayed evictData of schema as part of SessionFactory shut-down'
2023-04-03 00:30:00.904  INFO 25924 --- [main] com.zaxxer.hikari.HikariDataSource       : HikariPool-1 - Shutdown initiated...
2023-04-03 00:30:00.911  INFO 25924 --- [main] com.zaxxer.hikari.HikariDataSource       : HikariPool-1 - Shutdown completed.
2023-04-03 00:38:03.983  INFO 17704 --- [main] com.Shoeswebsite.Shoeswebsite            : Starting Shoeswebsite on CSCO-W-PF2RPMMA with PID 17704 (C:\Users\ronvyas\Downloads\sporty_shoes-master\sporty_shoes-master\target\classes started by ronvyas in C:\Users\ronvyas\Downloads\sporty_shoes-master\sporty_shoes-master)
2023-04-03 00:38:03.990  INFO 17704 --- [main] com.Shoeswebsite.Shoeswebsite            : No active profile set, falling back to default profiles: default
2023-04-03 00:38:04.818  INFO 17704 --- [main] .s.d.r.c.RepositoryConfigurationDelegate : Bootstrapping Spring Data JPA repositories in DEFAULT mode.
2023-04-03 00:38:04.863  INFO 17704 --- [main] .s.d.r.c.RepositoryConfigurationDelegate : Finished Spring Data repository scanning in 24ms. Found 0 JPA repository interfaces.
2023-04-03 00:38:05.733  INFO 17704 --- [main] o.s.b.w.embedded.tomcat.TomcatWebServer  : Tomcat initialized with port(s): 9090 (http)
2023-04-03 00:38:05.753  INFO 17704 --- [main] o.apache.catalina.core.StandardService   : Starting service [Tomcat]
2023-04-03 00:38:05.754  INFO 17704 --- [main] org.apache.catalina.core.StandardEngine  : Starting Servlet engine: [Apache Tomcat/9.0.38]
2023-04-03 00:38:05.968  INFO 17704 --- [main] o.a.c.c.C.[Tomcat].[localhost].[/]       : Initializing Spring embedded WebApplicationContext
2023-04-03 00:38:05.969  INFO 17704 --- [main] w.s.c.ServletWebServerApplicationContext : Root WebApplicationContext: initialization completed in 1886 ms
2023-04-03 00:38:06.063  INFO 17704 --- [main] com.zaxxer.hikari.HikariDataSource       : HikariPool-1 - Starting...
2023-04-03 00:38:06.345  INFO 17704 --- [main] com.zaxxer.hikari.HikariDataSource       : HikariPool-1 - Start completed.
2023-04-03 00:38:06.353  INFO 17704 --- [main] o.s.b.a.h2.H2ConsoleAutoConfiguration    : H2 console available at '/h2'. Database available at 'jdbc:h2:mem:testdb'
2023-04-03 00:38:06.526  INFO 17704 --- [main] o.hibernate.jpa.internal.util.LogHelper  : HHH000204: Processing PersistenceUnitInfo [name: default]
2023-04-03 00:38:06.619  INFO 17704 --- [main] org.hibernate.Version                    : HHH000412: Hibernate ORM core version 5.4.21.Final
2023-04-03 00:38:06.837  INFO 17704 --- [main] o.hibernate.annotations.common.Version   : HCANN000001: Hibernate Commons Annotations {5.1.0.Final}
2023-04-03 00:38:07.086  INFO 17704 --- [main] org.hibernate.dialect.Dialect            : HHH000400: Using dialect: org.hibernate.dialect.H2Dialect
2023-04-03 00:38:07.426  INFO 17704 --- [main] o.h.e.t.j.p.i.JtaPlatformInitiator       : HHH000490: Using JtaPlatform implementation: [org.hibernate.engine.transaction.jta.platform.internal.NoJtaPlatform]
2023-04-03 00:38:07.433  INFO 17704 --- [main] j.LocalContainerEntityManagerFactoryBean : Initialized JPA EntityManagerFactory for persistence unit 'default'
2023-04-03 00:38:07.506  WARN 17704 --- [main] JpaBaseConfiguration$JpaWebConfiguration : spring.jpa.open-in-view is enabled by default. Therefore, database queries may be performed during view rendering. Explicitly configure spring.jpa.open-in-view to disable this warning
2023-04-03 00:38:07.647  INFO 17704 --- [main] o.s.s.concurrent.ThreadPoolTaskExecutor  : Initializing ExecutorService 'applicationTaskExecutor'
2023-04-03 00:38:08.062  INFO 17704 --- [main] o.s.b.w.embedded.tomcat.TomcatWebServer  : Tomcat started on port(s): 9090 (http) with context path ''
2023-04-03 00:38:08.069  INFO 17704 --- [main] com.Shoeswebsite.Shoeswebsite            : Started Shoeswebsite in 4.761 seconds (JVM running for 6.215)
2023-04-03 00:38:48.902  INFO 26064 --- [main] com.Shoeswebsite.Shoeswebsite            : Starting Shoeswebsite on CSCO-W-PF2RPMMA with PID 26064 (C:\Users\ronvyas\Downloads\sporty_shoes-master\sporty_shoes-master\target\classes started by ronvyas in C:\Users\ronvyas\Downloads\sporty_shoes-master\sporty_shoes-master)
2023-04-03 00:38:48.909  INFO 26064 --- [main] com.Shoeswebsite.Shoeswebsite            : No active profile set, falling back to default profiles: default
2023-04-03 00:38:49.729  INFO 26064 --- [main] .s.d.r.c.RepositoryConfigurationDelegate : Bootstrapping Spring Data JPA repositories in DEFAULT mode.
2023-04-03 00:38:49.777  INFO 26064 --- [main] .s.d.r.c.RepositoryConfigurationDelegate : Finished Spring Data repository scanning in 26ms. Found 0 JPA repository interfaces.
2023-04-03 00:38:50.651  INFO 26064 --- [main] o.s.b.w.embedded.tomcat.TomcatWebServer  : Tomcat initialized with port(s): 9090 (http)
2023-04-03 00:38:50.673  INFO 26064 --- [main] o.apache.catalina.core.StandardService   : Starting service [Tomcat]
2023-04-03 00:38:50.674  INFO 26064 --- [main] org.apache.catalina.core.StandardEngine  : Starting Servlet engine: [Apache Tomcat/9.0.38]
2023-04-03 00:38:50.917  INFO 26064 --- [main] o.a.c.c.C.[Tomcat].[localhost].[/]       : Initializing Spring embedded WebApplicationContext
2023-04-03 00:38:50.918  INFO 26064 --- [main] w.s.c.ServletWebServerApplicationContext : Root WebApplicationContext: initialization completed in 1925 ms
2023-04-03 00:38:51.011  INFO 26064 --- [main] com.zaxxer.hikari.HikariDataSource       : HikariPool-1 - Starting...
2023-04-03 00:38:51.439  INFO 26064 --- [main] com.zaxxer.hikari.HikariDataSource       : HikariPool-1 - Start completed.
2023-04-03 00:38:51.451  INFO 26064 --- [main] o.s.b.a.h2.H2ConsoleAutoConfiguration    : H2 console available at '/h2'. Database available at 'jdbc:h2:mem:testdb'
2023-04-03 00:38:51.656  INFO 26064 --- [main] o.hibernate.jpa.internal.util.LogHelper  : HHH000204: Processing PersistenceUnitInfo [name: default]
2023-04-03 00:38:51.753  INFO 26064 --- [main] org.hibernate.Version                    : HHH000412: Hibernate ORM core version 5.4.21.Final
2023-04-03 00:38:51.979  INFO 26064 --- [main] o.hibernate.annotations.common.Version   : HCANN000001: Hibernate Commons Annotations {5.1.0.Final}
2023-04-03 00:38:52.209  INFO 26064 --- [main] org.hibernate.dialect.Dialect            : HHH000400: Using dialect: org.hibernate.dialect.H2Dialect
2023-04-03 00:38:52.647  INFO 26064 --- [main] o.h.e.t.j.p.i.JtaPlatformInitiator       : HHH000490: Using JtaPlatform implementation: [org.hibernate.engine.transaction.jta.platform.internal.NoJtaPlatform]
2023-04-03 00:38:52.661  INFO 26064 --- [main] j.LocalContainerEntityManagerFactoryBean : Initialized JPA EntityManagerFactory for persistence unit 'default'
2023-04-03 00:38:52.778  WARN 26064 --- [main] JpaBaseConfiguration$JpaWebConfiguration : spring.jpa.open-in-view is enabled by default. Therefore, database queries may be performed during view rendering. Explicitly configure spring.jpa.open-in-view to disable this warning
2023-04-03 00:38:52.945  INFO 26064 --- [main] o.s.s.concurrent.ThreadPoolTaskExecutor  : Initializing ExecutorService 'applicationTaskExecutor'
2023-04-03 00:38:53.305  INFO 26064 --- [main] o.apache.catalina.core.StandardService   : Stopping service [Tomcat]
2023-04-03 00:38:53.311  WARN 26064 --- [main] o.a.c.loader.WebappClassLoaderBase       : The web application [ROOT] appears to have started a thread named [HikariPool-1 housekeeper] but has failed to stop it. This is very likely to create a memory leak. Stack trace of thread:
 java.base@17.0.6/jdk.internal.misc.Unsafe.park(Native Method)
 java.base@17.0.6/java.util.concurrent.locks.LockSupport.parkNanos(LockSupport.java:252)
 java.base@17.0.6/java.util.concurrent.locks.AbstractQueuedSynchronizer$ConditionObject.awaitNanos(AbstractQueuedSynchronizer.java:1672)
 java.base@17.0.6/java.util.concurrent.ScheduledThreadPoolExecutor$DelayedWorkQueue.take(ScheduledThreadPoolExecutor.java:1182)
 java.base@17.0.6/java.util.concurrent.ScheduledThreadPoolExecutor$DelayedWorkQueue.take(ScheduledThreadPoolExecutor.java:899)
 java.base@17.0.6/java.util.concurrent.ThreadPoolExecutor.getTask(ThreadPoolExecutor.java:1062)
 java.base@17.0.6/java.util.concurrent.ThreadPoolExecutor.runWorker(ThreadPoolExecutor.java:1122)
 java.base@17.0.6/java.util.concurrent.ThreadPoolExecutor$Worker.run(ThreadPoolExecutor.java:635)
 java.base@17.0.6/java.lang.Thread.run(Thread.java:833)
2023-04-03 00:38:53.313  WARN 26064 --- [main] o.a.c.loader.WebappClassLoaderBase       : The web application [ROOT] appears to have started a thread named [HikariPool-1 connection adder] but has failed to stop it. This is very likely to create a memory leak. Stack trace of thread:
 java.base@17.0.6/jdk.internal.misc.Unsafe.park(Native Method)
 java.base@17.0.6/java.util.concurrent.locks.LockSupport.parkNanos(LockSupport.java:252)
 java.base@17.0.6/java.util.concurrent.locks.AbstractQueuedSynchronizer$ConditionObject.awaitNanos(AbstractQueuedSynchronizer.java:1672)
 java.base@17.0.6/java.util.concurrent.LinkedBlockingQueue.poll(LinkedBlockingQueue.java:460)
 java.base@17.0.6/java.util.concurrent.ThreadPoolExecutor.getTask(ThreadPoolExecutor.java:1061)
 java.base@17.0.6/java.util.concurrent.ThreadPoolExecutor.runWorker(ThreadPoolExecutor.java:1122)
 java.base@17.0.6/java.util.concurrent.ThreadPoolExecutor$Worker.run(ThreadPoolExecutor.java:635)
 java.base@17.0.6/java.lang.Thread.run(Thread.java:833)
2023-04-03 00:38:53.320  INFO 26064 --- [main] ConditionEvaluationReportLoggingListener : 

Error starting ApplicationContext. To display the conditions report re-run your application with 'debug' enabled.
2023-04-03 00:38:53.324 ERROR 26064 --- [main] o.s.b.d.LoggingFailureAnalysisReporter   : 

***************************
APPLICATION FAILED TO START
***************************

Description:

Web server failed to start. Port 9090 was already in use.

Action:

Identify and stop the process that's listening on port 9090 or configure this application to listen on another port.

2023-04-03 00:38:53.330  INFO 26064 --- [main] o.s.s.concurrent.ThreadPoolTaskExecutor  : Shutting down ExecutorService 'applicationTaskExecutor'
2023-04-03 00:38:53.331  INFO 26064 --- [main] j.LocalContainerEntityManagerFactoryBean : Closing JPA EntityManagerFactory for persistence unit 'default'
2023-04-03 00:38:53.331  INFO 26064 --- [main] .SchemaDropperImpl$DelayedDropActionImpl : HHH000477: Starting delayed evictData of schema as part of SessionFactory shut-down'
2023-04-03 00:38:53.337  INFO 26064 --- [main] com.zaxxer.hikari.HikariDataSource       : HikariPool-1 - Shutdown initiated...
2023-04-03 00:38:53.342  INFO 26064 --- [main] com.zaxxer.hikari.HikariDataSource       : HikariPool-1 - Shutdown completed.
2023-04-03 00:42:11.540  INFO 19476 --- [main] com.Shoeswebsite.Shoeswebsite            : Starting Shoeswebsite on CSCO-W-PF2RPMMA with PID 19476 (C:\Users\ronvyas\Downloads\sporty_shoes-master\sporty_shoes-master\target\classes started by ronvyas in C:\Users\ronvyas\Downloads\sporty_shoes-master\sporty_shoes-master)
2023-04-03 00:42:11.545  INFO 19476 --- [main] com.Shoeswebsite.Shoeswebsite            : No active profile set, falling back to default profiles: default
2023-04-03 00:42:12.471  INFO 19476 --- [main] .s.d.r.c.RepositoryConfigurationDelegate : Bootstrapping Spring Data JPA repositories in DEFAULT mode.
2023-04-03 00:42:12.498  INFO 19476 --- [main] .s.d.r.c.RepositoryConfigurationDelegate : Finished Spring Data repository scanning in 14ms. Found 0 JPA repository interfaces.
2023-04-03 00:42:13.343  INFO 19476 --- [main] o.s.b.w.embedded.tomcat.TomcatWebServer  : Tomcat initialized with port(s): 8090 (http)
2023-04-03 00:42:13.360  INFO 19476 --- [main] o.apache.catalina.core.StandardService   : Starting service [Tomcat]
2023-04-03 00:42:13.361  INFO 19476 --- [main] org.apache.catalina.core.StandardEngine  : Starting Servlet engine: [Apache Tomcat/9.0.38]
2023-04-03 00:42:13.567  INFO 19476 --- [main] o.a.c.c.C.[Tomcat].[localhost].[/]       : Initializing Spring embedded WebApplicationContext
2023-04-03 00:42:13.568  INFO 19476 --- [main] w.s.c.ServletWebServerApplicationContext : Root WebApplicationContext: initialization completed in 1952 ms
2023-04-03 00:42:13.663  INFO 19476 --- [main] com.zaxxer.hikari.HikariDataSource       : HikariPool-1 - Starting...
2023-04-03 00:42:13.948  INFO 19476 --- [main] com.zaxxer.hikari.HikariDataSource       : HikariPool-1 - Start completed.
2023-04-03 00:42:13.962  INFO 19476 --- [main] o.s.b.a.h2.H2ConsoleAutoConfiguration    : H2 console available at '/h2'. Database available at 'jdbc:h2:mem:testdb'
2023-04-03 00:42:14.200  INFO 19476 --- [main] o.hibernate.jpa.internal.util.LogHelper  : HHH000204: Processing PersistenceUnitInfo [name: default]
2023-04-03 00:42:14.288  INFO 19476 --- [main] org.hibernate.Version                    : HHH000412: Hibernate ORM core version 5.4.21.Final
2023-04-03 00:42:14.550  INFO 19476 --- [main] o.hibernate.annotations.common.Version   : HCANN000001: Hibernate Commons Annotations {5.1.0.Final}
2023-04-03 00:42:14.808  INFO 19476 --- [main] org.hibernate.dialect.Dialect            : HHH000400: Using dialect: org.hibernate.dialect.H2Dialect
2023-04-03 00:42:15.293  INFO 19476 --- [main] o.h.e.t.j.p.i.JtaPlatformInitiator       : HHH000490: Using JtaPlatform implementation: [org.hibernate.engine.transaction.jta.platform.internal.NoJtaPlatform]
2023-04-03 00:42:15.304  INFO 19476 --- [main] j.LocalContainerEntityManagerFactoryBean : Initialized JPA EntityManagerFactory for persistence unit 'default'
2023-04-03 00:42:15.406  WARN 19476 --- [main] JpaBaseConfiguration$JpaWebConfiguration : spring.jpa.open-in-view is enabled by default. Therefore, database queries may be performed during view rendering. Explicitly configure spring.jpa.open-in-view to disable this warning
2023-04-03 00:42:15.634  INFO 19476 --- [main] o.s.s.concurrent.ThreadPoolTaskExecutor  : Initializing ExecutorService 'applicationTaskExecutor'
2023-04-03 00:42:16.086  INFO 19476 --- [main] o.s.b.w.embedded.tomcat.TomcatWebServer  : Tomcat started on port(s): 8090 (http) with context path ''
2023-04-03 00:42:16.092  INFO 19476 --- [main] com.Shoeswebsite.Shoeswebsite            : Started Shoeswebsite in 5.085 seconds (JVM running for 6.579)
2023-04-03 00:42:47.692  INFO 8780 --- [RMI TCP Connection(29)-127.0.0.1] inMXBeanRegistrar$SpringApplicationAdmin : Application shutdown requested.
2023-04-03 00:42:47.696  INFO 8780 --- [RMI TCP Connection(29)-127.0.0.1] o.s.s.concurrent.ThreadPoolTaskExecutor  : Shutting down ExecutorService 'applicationTaskExecutor'
2023-04-03 00:42:47.697  INFO 8780 --- [RMI TCP Connection(29)-127.0.0.1] j.LocalContainerEntityManagerFactoryBean : Closing JPA EntityManagerFactory for persistence unit 'default'
2023-04-03 00:42:47.697  INFO 8780 --- [RMI TCP Connection(29)-127.0.0.1] .SchemaDropperImpl$DelayedDropActionImpl : HHH000477: Starting delayed evictData of schema as part of SessionFactory shut-down'
2023-04-03 00:42:47.700  INFO 8780 --- [RMI TCP Connection(29)-127.0.0.1] com.zaxxer.hikari.HikariDataSource       : HikariPool-1 - Shutdown initiated...
2023-04-03 00:42:47.703  INFO 8780 --- [RMI TCP Connection(29)-127.0.0.1] com.zaxxer.hikari.HikariDataSource       : HikariPool-1 - Shutdown completed.
2023-04-03 00:42:48.446  INFO 11944 --- [RMI TCP Connection(20)-127.0.0.1] inMXBeanRegistrar$SpringApplicationAdmin : Application shutdown requested.
2023-04-03 00:42:48.451  INFO 11944 --- [RMI TCP Connection(20)-127.0.0.1] o.s.s.concurrent.ThreadPoolTaskExecutor  : Shutting down ExecutorService 'applicationTaskExecutor'
2023-04-03 00:42:48.453  INFO 11944 --- [RMI TCP Connection(20)-127.0.0.1] j.LocalContainerEntityManagerFactoryBean : Closing JPA EntityManagerFactory for persistence unit 'default'
2023-04-03 00:42:48.454  INFO 11944 --- [RMI TCP Connection(20)-127.0.0.1] .SchemaDropperImpl$DelayedDropActionImpl : HHH000477: Starting delayed evictData of schema as part of SessionFactory shut-down'
2023-04-03 00:42:48.460  INFO 11944 --- [RMI TCP Connection(20)-127.0.0.1] com.zaxxer.hikari.HikariDataSource       : HikariPool-1 - Shutdown initiated...
2023-04-03 00:42:48.464  INFO 11944 --- [RMI TCP Connection(20)-127.0.0.1] com.zaxxer.hikari.HikariDataSource       : HikariPool-1 - Shutdown completed.
2023-04-03 00:42:48.964  INFO 9880 --- [RMI TCP Connection(17)-127.0.0.1] inMXBeanRegistrar$SpringApplicationAdmin : Application shutdown requested.
2023-04-03 00:42:48.967  INFO 9880 --- [RMI TCP Connection(17)-127.0.0.1] o.s.s.concurrent.ThreadPoolTaskExecutor  : Shutting down ExecutorService 'applicationTaskExecutor'
2023-04-03 00:42:48.968  INFO 9880 --- [RMI TCP Connection(17)-127.0.0.1] j.LocalContainerEntityManagerFactoryBean : Closing JPA EntityManagerFactory for persistence unit 'default'
2023-04-03 00:42:48.968  INFO 9880 --- [RMI TCP Connection(17)-127.0.0.1] .SchemaDropperImpl$DelayedDropActionImpl : HHH000477: Starting delayed evictData of schema as part of SessionFactory shut-down'
2023-04-03 00:42:48.972  INFO 9880 --- [RMI TCP Connection(17)-127.0.0.1] com.zaxxer.hikari.HikariDataSource       : HikariPool-1 - Shutdown initiated...
2023-04-03 00:42:48.975  INFO 9880 --- [RMI TCP Connection(17)-127.0.0.1] com.zaxxer.hikari.HikariDataSource       : HikariPool-1 - Shutdown completed.
2023-04-03 00:42:49.561  INFO 17704 --- [RMI TCP Connection(9)-127.0.0.1] inMXBeanRegistrar$SpringApplicationAdmin : Application shutdown requested.
2023-04-03 00:42:49.564  INFO 17704 --- [RMI TCP Connection(9)-127.0.0.1] o.s.s.concurrent.ThreadPoolTaskExecutor  : Shutting down ExecutorService 'applicationTaskExecutor'
2023-04-03 00:42:49.565  INFO 17704 --- [RMI TCP Connection(9)-127.0.0.1] j.LocalContainerEntityManagerFactoryBean : Closing JPA EntityManagerFactory for persistence unit 'default'
2023-04-03 00:42:49.565  INFO 17704 --- [RMI TCP Connection(9)-127.0.0.1] .SchemaDropperImpl$DelayedDropActionImpl : HHH000477: Starting delayed evictData of schema as part of SessionFactory shut-down'
2023-04-03 00:42:49.570  INFO 17704 --- [RMI TCP Connection(9)-127.0.0.1] com.zaxxer.hikari.HikariDataSource       : HikariPool-1 - Shutdown initiated...
2023-04-03 00:42:49.575  INFO 17704 --- [RMI TCP Connection(9)-127.0.0.1] com.zaxxer.hikari.HikariDataSource       : HikariPool-1 - Shutdown completed.
2023-04-03 00:42:50.266  INFO 19476 --- [RMI TCP Connection(4)-127.0.0.1] inMXBeanRegistrar$SpringApplicationAdmin : Application shutdown requested.
2023-04-03 00:42:50.269  INFO 19476 --- [RMI TCP Connection(4)-127.0.0.1] o.s.s.concurrent.ThreadPoolTaskExecutor  : Shutting down ExecutorService 'applicationTaskExecutor'
2023-04-03 00:42:50.270  INFO 19476 --- [RMI TCP Connection(4)-127.0.0.1] j.LocalContainerEntityManagerFactoryBean : Closing JPA EntityManagerFactory for persistence unit 'default'
2023-04-03 00:42:50.271  INFO 19476 --- [RMI TCP Connection(4)-127.0.0.1] .SchemaDropperImpl$DelayedDropActionImpl : HHH000477: Starting delayed evictData of schema as part of SessionFactory shut-down'
2023-04-03 00:42:50.275  INFO 19476 --- [RMI TCP Connection(4)-127.0.0.1] com.zaxxer.hikari.HikariDataSource       : HikariPool-1 - Shutdown initiated...
2023-04-03 00:42:50.279  INFO 19476 --- [RMI TCP Connection(4)-127.0.0.1] com.zaxxer.hikari.HikariDataSource       : HikariPool-1 - Shutdown completed.
2023-04-03 00:43:12.826  INFO 26408 --- [main] com.Shoeswebsite.Shoeswebsite            : Starting Shoeswebsite on CSCO-W-PF2RPMMA with PID 26408 (C:\Users\ronvyas\Downloads\sporty_shoes-master\sporty_shoes-master\target\classes started by ronvyas in C:\Users\ronvyas\Downloads\sporty_shoes-master\sporty_shoes-master)
2023-04-03 00:43:12.831  INFO 26408 --- [main] com.Shoeswebsite.Shoeswebsite            : No active profile set, falling back to default profiles: default
2023-04-03 00:43:13.657  INFO 26408 --- [main] .s.d.r.c.RepositoryConfigurationDelegate : Bootstrapping Spring Data JPA repositories in DEFAULT mode.
2023-04-03 00:43:13.703  INFO 26408 --- [main] .s.d.r.c.RepositoryConfigurationDelegate : Finished Spring Data repository scanning in 23ms. Found 0 JPA repository interfaces.
2023-04-03 00:43:14.666  INFO 26408 --- [main] o.s.b.w.embedded.tomcat.TomcatWebServer  : Tomcat initialized with port(s): 8090 (http)
2023-04-03 00:43:14.679  INFO 26408 --- [main] o.apache.catalina.core.StandardService   : Starting service [Tomcat]
2023-04-03 00:43:14.680  INFO 26408 --- [main] org.apache.catalina.core.StandardEngine  : Starting Servlet engine: [Apache Tomcat/9.0.38]
2023-04-03 00:43:14.858  INFO 26408 --- [main] o.a.c.c.C.[Tomcat].[localhost].[/]       : Initializing Spring embedded WebApplicationContext
2023-04-03 00:43:14.858  INFO 26408 --- [main] w.s.c.ServletWebServerApplicationContext : Root WebApplicationContext: initialization completed in 1946 ms
2023-04-03 00:43:14.964  INFO 26408 --- [main] com.zaxxer.hikari.HikariDataSource       : HikariPool-1 - Starting...
2023-04-03 00:43:15.317  INFO 26408 --- [main] com.zaxxer.hikari.HikariDataSource       : HikariPool-1 - Start completed.
2023-04-03 00:43:15.330  INFO 26408 --- [main] o.s.b.a.h2.H2ConsoleAutoConfiguration    : H2 console available at '/h2'. Database available at 'jdbc:h2:mem:testdb'
2023-04-03 00:43:15.587  INFO 26408 --- [main] o.hibernate.jpa.internal.util.LogHelper  : HHH000204: Processing PersistenceUnitInfo [name: default]
2023-04-03 00:43:15.645  INFO 26408 --- [main] org.hibernate.Version                    : HHH000412: Hibernate ORM core version 5.4.21.Final
2023-04-03 00:43:15.849  INFO 26408 --- [main] o.hibernate.annotations.common.Version   : HCANN000001: Hibernate Commons Annotations {5.1.0.Final}
2023-04-03 00:43:16.102  INFO 26408 --- [main] org.hibernate.dialect.Dialect            : HHH000400: Using dialect: org.hibernate.dialect.H2Dialect
2023-04-03 00:43:16.510  INFO 26408 --- [main] o.h.e.t.j.p.i.JtaPlatformInitiator       : HHH000490: Using JtaPlatform implementation: [org.hibernate.engine.transaction.jta.platform.internal.NoJtaPlatform]
2023-04-03 00:43:16.519  INFO 26408 --- [main] j.LocalContainerEntityManagerFactoryBean : Initialized JPA EntityManagerFactory for persistence unit 'default'
2023-04-03 00:43:16.608  WARN 26408 --- [main] JpaBaseConfiguration$JpaWebConfiguration : spring.jpa.open-in-view is enabled by default. Therefore, database queries may be performed during view rendering. Explicitly configure spring.jpa.open-in-view to disable this warning
2023-04-03 00:43:16.752  INFO 26408 --- [main] o.s.s.concurrent.ThreadPoolTaskExecutor  : Initializing ExecutorService 'applicationTaskExecutor'
2023-04-03 00:43:17.124  INFO 26408 --- [main] o.s.b.w.embedded.tomcat.TomcatWebServer  : Tomcat started on port(s): 8090 (http) with context path ''
2023-04-03 00:43:17.130  INFO 26408 --- [main] com.Shoeswebsite.Shoeswebsite            : Started Shoeswebsite in 4.977 seconds (JVM running for 6.344)
2023-04-03 00:44:45.306  INFO 26408 --- [http-nio-8090-exec-1] o.a.c.c.C.[Tomcat].[localhost].[/]       : Initializing Spring DispatcherServlet 'dispatcherServlet'
2023-04-03 00:44:45.307  INFO 26408 --- [http-nio-8090-exec-1] o.s.web.servlet.DispatcherServlet        : Initializing Servlet 'dispatcherServlet'
2023-04-03 00:44:45.322  INFO 26408 --- [http-nio-8090-exec-1] o.s.web.servlet.DispatcherServlet        : Completed initialization in 14 ms
2023-04-03 01:21:10.988  INFO 26408 --- [RMI TCP Connection(41)-127.0.0.1] inMXBeanRegistrar$SpringApplicationAdmin : Application shutdown requested.
2023-04-03 01:21:10.993  INFO 26408 --- [RMI TCP Connection(41)-127.0.0.1] o.s.s.concurrent.ThreadPoolTaskExecutor  : Shutting down ExecutorService 'applicationTaskExecutor'
2023-04-03 01:21:10.993  INFO 26408 --- [RMI TCP Connection(41)-127.0.0.1] j.LocalContainerEntityManagerFactoryBean : Closing JPA EntityManagerFactory for persistence unit 'default'
2023-04-03 01:21:10.994  INFO 26408 --- [RMI TCP Connection(41)-127.0.0.1] .SchemaDropperImpl$DelayedDropActionImpl : HHH000477: Starting delayed evictData of schema as part of SessionFactory shut-down'
2023-04-03 01:21:10.997  INFO 26408 --- [RMI TCP Connection(41)-127.0.0.1] com.zaxxer.hikari.HikariDataSource       : HikariPool-1 - Shutdown initiated...
2023-04-03 01:21:11.000  INFO 26408 --- [RMI TCP Connection(41)-127.0.0.1] com.zaxxer.hikari.HikariDataSource       : HikariPool-1 - Shutdown completed.
